18/03/2022, 17:58:57 - INFO - Server is running on port: 3030
18/03/2022, 17:59:17 - INFO - App listening on port 3030! http://localhost:3030
18/03/2022, 18:00:38 - INFO - App listening on port 3030! http://localhost:3030
18/03/2022, 18:36:33 - INFO - App listening on port 3030! http://localhost:3030
18/03/2022, 18:46:52 - INFO - App listening on port 3030! http://localhost:3030
18/03/2022, 18:56:19 - INFO - App listening on port 3030! http://localhost:3030
18/03/2022, 19:00:22 - INFO - App listening on port 3030! http://localhost:3030
18/03/2022, 19:00:30 - ERROR - cannot insert toy | {}
18/03/2022, 19:00:30 - ERROR - Failed to add toy | {}
18/03/2022, 19:07:09 - INFO - App listening on port 3030! http://localhost:3030
18/03/2022, 19:07:26 - ERROR - cannot insert toy | {}
18/03/2022, 19:07:26 - ERROR - Failed to add toy | {}
18/03/2022, 19:07:45 - INFO - App listening on port 3030! http://localhost:3030
18/03/2022, 19:07:55 - ERROR - cannot insert toy | {}
18/03/2022, 19:07:55 - ERROR - Failed to add toy | {}
18/03/2022, 19:08:20 - INFO - App listening on port 3030! http://localhost:3030
18/03/2022, 19:08:38 - INFO - App listening on port 3030! http://localhost:3030
18/03/2022, 19:08:55 - INFO - App listening on port 3030! http://localhost:3030
18/03/2022, 19:12:46 - INFO - App listening on port 3030! http://localhost:3030
18/03/2022, 19:35:29 - INFO - App listening on port 3030! http://localhost:3030
18/03/2022, 19:36:07 - INFO - App listening on port 3030! http://localhost:3030
18/03/2022, 19:36:37 - INFO - App listening on port 3030! http://localhost:3030
18/03/2022, 19:36:47 - ERROR - cannot insert toy | {}
18/03/2022, 19:36:47 - ERROR - Failed to add toy | {}
18/03/2022, 19:38:22 - INFO - App listening on port 3030! http://localhost:3030
18/03/2022, 19:39:10 - INFO - App listening on port 3030! http://localhost:3030
18/03/2022, 19:39:17 - ERROR - cannot insert toy | {}
18/03/2022, 19:39:17 - ERROR - Failed to add toy | {}
18/03/2022, 20:04:21 - INFO - App listening on port 3030! http://localhost:3030
18/03/2022, 20:05:24 - ERROR - while finding toy undefined | {}
18/03/2022, 20:05:24 - ERROR - Failed to get toy | {}
18/03/2022, 20:05:49 - INFO - App listening on port 3030! http://localhost:3030
18/03/2022, 20:06:18 - ERROR - while finding toy undefined | {}
18/03/2022, 20:06:18 - ERROR - Failed to get toy | {}
18/03/2022, 20:06:22 - ERROR - while finding toy undefined | {}
18/03/2022, 20:06:22 - ERROR - Failed to get toy | {}
18/03/2022, 20:07:04 - INFO - App listening on port 3030! http://localhost:3030
18/03/2022, 20:07:24 - ERROR - cannot insert toy | {}
18/03/2022, 20:07:24 - ERROR - Failed to add toy | {}
18/03/2022, 20:08:00 - INFO - App listening on port 3030! http://localhost:3030
18/03/2022, 20:08:12 - INFO - App listening on port 3030! http://localhost:3030
18/03/2022, 20:08:21 - ERROR - cannot insert toy | {}
18/03/2022, 20:08:21 - ERROR - Failed to add toy | {}
18/03/2022, 20:08:30 - INFO - App listening on port 3030! http://localhost:3030
18/03/2022, 20:08:38 - INFO - App listening on port 3030! http://localhost:3030
18/03/2022, 20:09:07 - INFO - App listening on port 3030! http://localhost:3030
18/03/2022, 20:11:58 - INFO - App listening on port 3030! http://localhost:3030
18/03/2022, 20:12:27 - ERROR - cannot insert toy | {}
18/03/2022, 20:12:27 - ERROR - Failed to add toy | {}
18/03/2022, 20:13:33 - INFO - App listening on port 3030! http://localhost:3030
18/03/2022, 20:14:06 - INFO - App listening on port 3030! http://localhost:3030
18/03/2022, 20:14:16 - ERROR - cannot insert toy | {}
18/03/2022, 20:14:16 - ERROR - Failed to add toy | {}
18/03/2022, 20:14:26 - INFO - App listening on port 3030! http://localhost:3030
18/03/2022, 20:15:39 - INFO - App listening on port 3030! http://localhost:3030
18/03/2022, 20:16:24 - INFO - App listening on port 3030! http://localhost:3030
18/03/2022, 20:16:33 - ERROR - cannot insert toy | {}
18/03/2022, 20:16:33 - ERROR - Failed to add toy | {}
18/03/2022, 20:16:54 - INFO - App listening on port 3030! http://localhost:3030
18/03/2022, 20:17:05 - ERROR - cannot insert toy | {}
18/03/2022, 20:17:05 - ERROR - Failed to add toy | {}
18/03/2022, 20:17:21 - INFO - App listening on port 3030! http://localhost:3030
18/03/2022, 20:17:41 - INFO - App listening on port 3030! http://localhost:3030
18/03/2022, 20:18:03 - INFO - App listening on port 3030! http://localhost:3030
18/03/2022, 20:18:58 - INFO - App listening on port 3030! http://localhost:3030
18/03/2022, 20:23:52 - INFO - App listening on port 3030! http://localhost:3030
18/03/2022, 20:24:11 - INFO - App listening on port 3030! http://localhost:3030
18/03/2022, 20:25:36 - INFO - App listening on port 3030! http://localhost:3030
18/03/2022, 20:29:32 - INFO - App listening on port 3030! http://localhost:3030
18/03/2022, 20:45:55 - INFO - App listening on port 3030! http://localhost:3030
18/03/2022, 20:46:18 - INFO - App listening on port 3030! http://localhost:3030
18/03/2022, 20:48:02 - INFO - App listening on port 3030! http://localhost:3030
18/03/2022, 20:48:16 - INFO - App listening on port 3030! http://localhost:3030
18/03/2022, 20:48:26 - INFO - App listening on port 3030! http://localhost:3030
18/03/2022, 20:52:24 - INFO - App listening on port 3030! http://localhost:3030
18/03/2022, 20:53:25 - INFO - App listening on port 3030! http://localhost:3030
18/03/2022, 20:59:27 - INFO - App listening on port 3030! http://localhost:3030
18/03/2022, 20:59:43 - INFO - App listening on port 3030! http://localhost:3030
18/03/2022, 20:59:55 - INFO - App listening on port 3030! http://localhost:3030
18/03/2022, 21:00:23 - INFO - App listening on port 3030! http://localhost:3030
18/03/2022, 21:00:31 - INFO - App listening on port 3030! http://localhost:3030
18/03/2022, 21:00:39 - INFO - App listening on port 3030! http://localhost:3030
18/03/2022, 21:01:02 - INFO - App listening on port 3030! http://localhost:3030
18/03/2022, 21:01:59 - INFO - App listening on port 3030! http://localhost:3030
18/03/2022, 21:02:41 - INFO - App listening on port 3030! http://localhost:3030
18/03/2022, 21:03:26 - INFO - App listening on port 3030! http://localhost:3030
18/03/2022, 21:07:38 - DEBUG - auth.service - signup with username: ado, fullname: ado lf
18/03/2022, 21:07:38 - DEBUG - auth.route - new account created: {"username":"ado","password":"$2b$10$h341IO.Kbq9t9/Gxdtc90u6XAcQ0WP0wfFQmDdxTnU7n/H7PMtKHO","fullname":"ado lf","score":0,"_id":"6234d87a41fc32791a2bde8c"}
18/03/2022, 21:07:38 - DEBUG - auth.service - login with username: ado
18/03/2022, 21:09:38 - INFO - App listening on port 3030! http://localhost:3030
18/03/2022, 21:10:36 - INFO - App listening on port 3030! http://localhost:3030
18/03/2022, 21:10:55 - DEBUG - auth.service - signup with username: rei, fullname: rei lf
18/03/2022, 21:10:55 - DEBUG - auth.route - new account created: {"username":"rei","password":"$2b$10$BO5b93QczmVxCMYTE.2DQuhvT5Ex4iGiPDnKHziGqAity/2NFaqQ.","fullname":"rei lf","isAdmin":false,"_id":"6234d93f5412cc67028773e5"}
18/03/2022, 21:10:55 - DEBUG - auth.service - login with username: rei
18/03/2022, 21:11:45 - INFO - App listening on port 3030! http://localhost:3030
18/03/2022, 21:11:59 - INFO - App listening on port 3030! http://localhost:3030
18/03/2022, 21:12:13 - INFO - App listening on port 3030! http://localhost:3030
18/03/2022, 21:12:28 - DEBUG - auth.service - signup with username: admin, fullname: admin admin
18/03/2022, 21:12:28 - DEBUG - auth.route - new account created: {"username":"admin","password":"$2b$10$bnZzMkvZ1wYtHXYHxmddk.rruNVM8UDxga9./IBkWagdQT7R3.JlG","fullname":"admin admin","isAdmin":true,"_id":"6234d99c8239928bfccc2e12"}
18/03/2022, 21:12:28 - DEBUG - auth.service - login with username: admin
18/03/2022, 21:12:45 - DEBUG - auth.service - signup with username: sapir, fullname: sapir ush
18/03/2022, 21:12:45 - DEBUG - auth.route - new account created: {"username":"sapir","password":"$2b$10$INKzdcoQBhWq2FpyQ75n6.9HLiMI9c8w/BDzuMr/tXzg71Zc2yIuS","fullname":"sapir ush","isAdmin":true,"_id":"6234d9ad8239928bfccc2e13"}
18/03/2022, 21:12:45 - DEBUG - auth.service - login with username: sapir
18/03/2022, 21:12:52 - INFO - App listening on port 3030! http://localhost:3030
18/03/2022, 21:17:07 - INFO - App listening on port 3030! http://localhost:3030
19/03/2022, 0:31:10 - INFO - App listening on port 3030! http://localhost:3030
19/03/2022, 0:31:42 - DEBUG - auth.service - login with username: admin
19/03/2022, 0:34:27 - INFO - App listening on port 3030! http://localhost:3030
19/03/2022, 0:40:10 - INFO - App listening on port 3030! http://localhost:3030
19/03/2022, 0:41:24 - DEBUG - auth.service - signup with username: rei, fullname: ree chel
19/03/2022, 0:41:24 - DEBUG - auth.route - new account created: {"username":"rei","password":"$2b$10$FNIKZP8VFQ98Vv6AiRVeO.620vLJy4tPk2K7ubd8g0iCXv7592Go.","fullname":"ree chel","isAdmin":false,"_id":"62350a94528d7b864c581de3"}
19/03/2022, 0:41:24 - DEBUG - auth.service - login with username: rei
19/03/2022, 0:52:51 - INFO - App listening on port 3030! http://localhost:3030
19/03/2022, 0:55:16 - INFO - App listening on port 3030! http://localhost:3030
19/03/2022, 0:59:45 - DEBUG - auth.service - login with username: admin
19/03/2022, 1:06:23 - INFO - App listening on port 3030! http://localhost:3030
19/03/2022, 1:06:28 - DEBUG - auth.service - login with username: admin
19/03/2022, 1:06:45 - INFO - App listening on port 3030! http://localhost:3030
19/03/2022, 1:06:48 - INFO - App listening on port 3030! http://localhost:3030
19/03/2022, 1:06:50 - DEBUG - auth.service - login with username: admin
19/03/2022, 1:07:55 - DEBUG - auth.service - login with username: admin
19/03/2022, 1:08:31 - DEBUG - auth.service - login with username: admin
19/03/2022, 1:09:39 - DEBUG - auth.service - login with username: admin
19/03/2022, 1:10:11 - DEBUG - auth.service - login with username: admin
19/03/2022, 1:10:42 - DEBUG - auth.service - login with username: admin
19/03/2022, 1:11:24 - DEBUG - auth.service - login with username: admin
19/03/2022, 1:11:39 - DEBUG - auth.service - login with username: admin
19/03/2022, 1:22:20 - DEBUG - auth.service - login with username: admin
19/03/2022, 9:16:50 - INFO - App listening on port 3030! http://localhost:3030
19/03/2022, 9:17:28 - DEBUG - auth.service - login with username: admin
19/03/2022, 9:33:05 - DEBUG - auth.service - signup with username: NONO, fullname: NOFAR HIKI
19/03/2022, 9:33:05 - DEBUG - auth.route - new account created: {"username":"NONO","password":"$2b$10$fk/C0I2P8l/QlyGSAD.3j.dRnYt.QJ349.qh4VP6LYoa9oPu5OPxW","fullname":"NOFAR HIKI","isAdmin":false,"_id":"623587318525dc3a2054f9f4"}
19/03/2022, 9:33:05 - DEBUG - auth.service - login with username: NONO
19/03/2022, 9:53:01 - DEBUG - auth.service - login with username: admin
19/03/2022, 10:19:57 - INFO - App listening on port 3030! http://localhost:3030
19/03/2022, 10:20:10 - INFO - App listening on port 3030! http://localhost:3030
19/03/2022, 10:20:22 - INFO - App listening on port 3030! http://localhost:3030
19/03/2022, 10:20:35 - INFO - App listening on port 3030! http://localhost:3030
19/03/2022, 10:32:09 - INFO - App listening on port 3030! http://localhost:3030
19/03/2022, 10:32:39 - INFO - App listening on port 3030! http://localhost:3030
19/03/2022, 10:33:04 - INFO - App listening on port 3030! http://localhost:3030
19/03/2022, 10:33:18 - INFO - App listening on port 3030! http://localhost:3030
19/03/2022, 10:33:21 - INFO - App listening on port 3030! http://localhost:3030
19/03/2022, 10:33:37 - INFO - App listening on port 3030! http://localhost:3030
19/03/2022, 10:33:38 - ERROR - cannot find toys | {}
19/03/2022, 10:33:38 - ERROR - Failed to get toys | {}
19/03/2022, 10:34:19 - INFO - App listening on port 3030! http://localhost:3030
19/03/2022, 10:34:22 - ERROR - cannot find toys | {}
19/03/2022, 10:34:22 - ERROR - Failed to get toys | {}
19/03/2022, 10:35:04 - INFO - App listening on port 3030! http://localhost:3030
19/03/2022, 10:35:06 - ERROR - cannot find toys | {}
19/03/2022, 10:35:06 - ERROR - Failed to get toys | {}
19/03/2022, 10:35:10 - INFO - App listening on port 3030! http://localhost:3030
19/03/2022, 10:35:58 - INFO - App listening on port 3030! http://localhost:3030
19/03/2022, 10:37:16 - INFO - App listening on port 3030! http://localhost:3030
19/03/2022, 10:37:49 - INFO - App listening on port 3030! http://localhost:3030
19/03/2022, 10:40:29 - INFO - App listening on port 3030! http://localhost:3030
19/03/2022, 10:59:50 - INFO - App listening on port 3030! http://localhost:3030
19/03/2022, 11:00:46 - INFO - App listening on port 3030! http://localhost:3030
19/03/2022, 11:16:29 - INFO - App listening on port 3030! http://localhost:3030
19/03/2022, 11:18:21 - INFO - App listening on port 3030! http://localhost:3030
19/03/2022, 11:19:30 - ERROR - cannot find toys | {"ok":0,"code":2,"codeName":"BadValue"}
19/03/2022, 11:19:30 - ERROR - Failed to get toys | {"ok":0,"code":2,"codeName":"BadValue"}
19/03/2022, 11:47:23 - INFO - App listening on port 3030! http://localhost:3030
19/03/2022, 11:49:31 - ERROR - cannot find toys | {"ok":0,"code":2,"codeName":"BadValue"}
19/03/2022, 11:49:31 - ERROR - Failed to get toys | {"ok":0,"code":2,"codeName":"BadValue"}
19/03/2022, 11:49:40 - ERROR - cannot find toys | {"ok":0,"code":2,"codeName":"BadValue"}
19/03/2022, 11:49:40 - ERROR - Failed to get toys | {"ok":0,"code":2,"codeName":"BadValue"}
19/03/2022, 11:49:53 - INFO - App listening on port 3030! http://localhost:3030
19/03/2022, 11:50:48 - INFO - App listening on port 3030! http://localhost:3030
19/03/2022, 11:52:10 - INFO - App listening on port 3030! http://localhost:3030
19/03/2022, 11:52:57 - INFO - App listening on port 3030! http://localhost:3030
19/03/2022, 11:55:14 - INFO - App listening on port 3030! http://localhost:3030
19/03/2022, 11:56:10 - INFO - App listening on port 3030! http://localhost:3030
19/03/2022, 11:56:35 - INFO - App listening on port 3030! http://localhost:3030
19/03/2022, 12:00:00 - INFO - App listening on port 3030! http://localhost:3030
19/03/2022, 12:00:08 - INFO - App listening on port 3030! http://localhost:3030
19/03/2022, 12:00:55 - INFO - App listening on port 3030! http://localhost:3030
19/03/2022, 12:30:17 - INFO - App listening on port 3030! http://localhost:3030
19/03/2022, 12:30:57 - INFO - App listening on port 3030! http://localhost:3030
19/03/2022, 12:30:59 - ERROR - cannot find toys | {"ok":0,"code":40414,"codeName":"Location40414"}
19/03/2022, 12:30:59 - ERROR - Failed to get toys | {"ok":0,"code":40414,"codeName":"Location40414"}
19/03/2022, 12:31:05 - INFO - App listening on port 3030! http://localhost:3030
19/03/2022, 12:34:32 - INFO - App listening on port 3030! http://localhost:3030
19/03/2022, 12:34:37 - INFO - Req!!!
19/03/2022, 12:35:12 - INFO - App listening on port 3030! http://localhost:3030
19/03/2022, 12:38:31 - INFO - App listening on port 3030! http://localhost:3030
19/03/2022, 12:38:42 - INFO - Req!!!
19/03/2022, 12:39:09 - INFO - App listening on port 3030! http://localhost:3030
19/03/2022, 12:39:23 - INFO - App listening on port 3030! http://localhost:3030
19/03/2022, 12:40:09 - DEBUG - auth.service - login with username: NONO
19/03/2022, 12:41:09 - WARN - NOFAR HIKI Attempt to perform admin action
19/03/2022, 12:41:42 - DEBUG - auth.service - login with username: admin
19/03/2022, 12:43:12 - INFO - App listening on port 3030! http://localhost:3030
19/03/2022, 12:45:00 - INFO - App listening on port 3030! http://localhost:3030
19/03/2022, 12:45:04 - INFO - Req!!!
19/03/2022, 12:45:18 - DEBUG - auth.service - login with username: NONO
19/03/2022, 12:45:43 - INFO - Req!!!
19/03/2022, 12:45:57 - INFO - Req!!!
19/03/2022, 12:46:00 - INFO - Req!!!
19/03/2022, 12:46:31 - INFO - Req!!!
19/03/2022, 12:56:50 - INFO - Req!!!
19/03/2022, 12:56:51 - INFO - Req!!!
19/03/2022, 12:56:53 - INFO - Req!!!
19/03/2022, 12:57:08 - INFO - App listening on port 3030! http://localhost:3030
19/03/2022, 12:57:13 - INFO - Req!!!
19/03/2022, 12:57:16 - INFO - Req!!!
19/03/2022, 12:57:18 - INFO - Req!!!
19/03/2022, 13:14:29 - INFO - Req!!!
19/03/2022, 13:19:34 - INFO - Req!!!
19/03/2022, 13:20:10 - INFO - Req!!!
19/03/2022, 13:20:41 - INFO - Req!!!
19/03/2022, 13:30:37 - INFO - Req!!!
19/03/2022, 13:31:39 - INFO - Req!!!
19/03/2022, 13:36:10 - INFO - Req!!!
19/03/2022, 13:36:50 - INFO - Req!!!
19/03/2022, 13:38:33 - INFO - Req!!!
19/03/2022, 13:39:01 - DEBUG - auth.service - login with username: admin
19/03/2022, 13:39:20 - INFO - Req!!!
19/03/2022, 13:39:43 - INFO - Req!!!
19/03/2022, 13:40:25 - INFO - App listening on port 3030! http://localhost:3030
19/03/2022, 13:41:03 - DEBUG - auth.service - login with username: admin
19/03/2022, 13:41:19 - INFO - Req!!!
19/03/2022, 13:41:33 - INFO - Req!!!
19/03/2022, 13:42:03 - INFO - Req!!!
19/03/2022, 13:44:56 - INFO - App listening on port 3030! http://localhost:3030
19/03/2022, 13:46:52 - INFO - App listening on port 3030! http://localhost:3030
19/03/2022, 13:46:58 - INFO - App listening on port 3030! http://localhost:3030
19/03/2022, 13:47:01 - INFO - App listening on port 3030! http://localhost:3030
19/03/2022, 13:47:25 - DEBUG - auth.service - login with username: admin
19/03/2022, 13:50:34 - DEBUG - auth.service - login with username: admin
19/03/2022, 13:50:52 - DEBUG - auth.service - login with username: admin
19/03/2022, 13:53:09 - INFO - App listening on port 3030! http://localhost:3030
19/03/2022, 13:53:27 - DEBUG - auth.service - login with username: NONO
19/03/2022, 13:53:35 - INFO - Req!!!
19/03/2022, 13:53:56 - DEBUG - auth.service - login with username: admin
19/03/2022, 13:54:57 - INFO - App listening on port 3030! http://localhost:3030
19/03/2022, 13:55:06 - DEBUG - auth.service - login with username: admin
19/03/2022, 13:57:51 - INFO - App listening on port 3030! http://localhost:3030
19/03/2022, 13:58:34 - INFO - App listening on port 3030! http://localhost:3030
19/03/2022, 14:00:08 - INFO - App listening on port 3030! http://localhost:3030
19/03/2022, 14:22:13 - INFO - App listening on port 3030! http://localhost:3030
19/03/2022, 14:22:16 - INFO - Req!!!
19/03/2022, 14:29:07 - INFO - App listening on port 3030! http://localhost:3030
19/03/2022, 14:34:13 - INFO - Req!!!
19/03/2022, 14:34:13 - INFO - Req!!!
19/03/2022, 14:34:27 - DEBUG - auth.service - login with username: admin
19/03/2022, 14:35:21 - INFO - App listening on port 3030! http://localhost:3030
19/03/2022, 14:35:26 - INFO - Req!!!
19/03/2022, 14:37:03 - INFO - Req!!!
19/03/2022, 14:37:18 - INFO - Req!!!
19/03/2022, 14:38:11 - INFO - Req!!!
19/03/2022, 14:38:11 - INFO - Req!!!
19/03/2022, 14:38:38 - INFO - Req!!!
19/03/2022, 14:38:38 - INFO - Req!!!
19/03/2022, 14:39:32 - INFO - App listening on port 3030! http://localhost:3030
19/03/2022, 14:39:58 - INFO - App listening on port 3030! http://localhost:3030
19/03/2022, 14:40:34 - INFO - Req!!!
19/03/2022, 14:40:34 - INFO - Req!!!
19/03/2022, 14:41:24 - INFO - Req!!!
19/03/2022, 14:41:29 - INFO - Req!!!
19/03/2022, 14:41:58 - DEBUG - auth.service - login with username: admin
19/03/2022, 14:43:51 - INFO - App listening on port 3030! http://localhost:3030
19/03/2022, 14:43:53 - INFO - App listening on port 3030! http://localhost:3030
19/03/2022, 14:43:54 - INFO - App listening on port 3030! http://localhost:3030
19/03/2022, 14:43:56 - INFO - App listening on port 3030! http://localhost:3030
19/03/2022, 14:44:39 - INFO - Req!!!
19/03/2022, 14:44:39 - INFO - Req!!!
19/03/2022, 14:45:57 - INFO - Req!!!
19/03/2022, 14:45:57 - INFO - Req!!!
19/03/2022, 14:45:58 - INFO - Req!!!
19/03/2022, 14:45:58 - INFO - Req!!!
19/03/2022, 14:45:59 - INFO - Req!!!
19/03/2022, 14:45:59 - INFO - Req!!!
19/03/2022, 14:46:58 - INFO - Req!!!
19/03/2022, 14:46:58 - INFO - Req!!!
